<?xml version="1.0" encoding="UTF-8"?>
<!-- Generated by org.testng.reporters.JUnitXMLReporter -->
<testsuite ignored="25" hostname="COG-WIN-MAC03" failures="1" tests="26" name="Test" time="2063.536" errors="0" timestamp="2022-12-09T16:25:46 IST">
  <testcase classname="testcases.HumanResourcesTest" name="ValidateClickTestingOfAttendancePage" time="70.319">
    <failure type="java.lang.AssertionError" message="Track Attendance -  element not present">
      <![CDATA[java.lang.AssertionError: Track Attendance -  element not present
at utils.WebBasePage.click(WebBasePage.java:126)
at pageobjects.HumanResourcesPage.clickOnTrackAttendance(HumanResourcesPage.java:73)
at action.HumanResourcesAction.GoToAttendancePage(HumanResourcesAction.java:37)
at testcases.HumanResourcesTest.ValidateClickTestingOfAttendancePage(HumanResourcesTest.java:23)
at java.base/java.util.ArrayList.forEach(ArrayList.java:1511)
... Removed 28 stack frames]]>
    </failure>
  </testcase> <!-- ValidateClickTestingOfAttendancePage -->
  <testcase classname="testcases.BillingTest" name="ValidateClickTestingOfAutomateFlagProcessingPage" time="54.179"/>
  <testcase classname="testcases.AssetManagementTest" name="ValidateClickTestingOfGroupListPage" time="110.231"/>
  <testcase classname="testcases.GeneralTest" name="ValidateClickTestingOfAddReportPage" time="71.707"/>
  <testcase classname="testcases.ExpenseTest" name="ValidateClickTestingOfAddExpensePage" time="55.64"/>
  <testcase classname="testcases.EventManagementTest" name="ValidateClickTestingOfCalendarPage" time="91.512"/>
  <testcase classname="testcases.DocumentStorageTest" name="ValidateClickTestingOfManageClientStoragePage" time="89.277"/>
  <testcase classname="testcases.FSMTest" name="ValidateClickTestingOfAddTicketPage" time="56.921"/>
  <testcase classname="testcases.INTEGRATIONSTest" name="ValidateClickTestingOfINTEGRATIONSPage" time="44.49"/>
  <testcase classname="testcases.MSPModuleTest" name="ValidateClickTestingOfAddPackagesPage" time="51.484"/>
  <testcase classname="testcases.DisplayScreenTest" name="ValidateClickTestingOfCounterPage" time="45.574"/>
  <testcase classname="testcases.VDeskTest" name="ValidateClickTestingOfApplicationSettingsPage" time="45.123"/>
  <testcase classname="testcases.AppointmentCalendarTest" name="ValidateClickTestingOfManageExternalLinkPage" time="52.017"/>
  <testcase classname="testcases.CRMTest" name="ValidateClickTestingOfAccountsPage" time="76.631"/>
  <testcase classname="testcases.ApprovalTest" name="ValidateClickTestingOfApprovalChainPage" time="47.394"/>
  <testcase classname="testcases.VendorTest" name="ValidateClickTestingOfTrainingPage" time="55.315"/>
  <testcase classname="testcases.PerformanceReviewTest" name="ValidateClickTestingOfPerformanceReviewPage" time="85.453"/>
  <testcase classname="testcases.HRManagementTest" name="ValidateClickTestingOfAttendancePage" time="85.419"/>
  <testcase classname="testcases.TicketingTest" name="ValidateClickTestingOfTicketingPage" time="144.035"/>
  <testcase classname="testcases.TimeTrackingTest" name="ValidateClickTestingOfAuditRulePage" time="116.657"/>
  <testcase classname="testcases.HiringTest" name="ValidateClickTestingOfCandidateListPage" time="51.337"/>
  <testcase classname="testcases.CommunicationTest" name="ValidateClickTestingOfIVRPage" time="64.693"/>
  <testcase classname="testcases.TrainingTest" name="ValidateClickTestingOfTrainingPage" time="53.023"/>
  <testcase classname="testcases.COMPANYSETUPTest" name="ValidateClickTestingOfClientPage" time="45.071"/>
  <testcase classname="testcases.ProjectManagementTest" name="ValidateClickTestingOfGlobalTaskPage" time="116.988"/>
  <testcase classname="testcases.IntegrationTest" name="ValidateClickTestingOfBasecampPage" time="44.093"/>
  <testcase classname="utils.WebTestBase" name="@AfterSuite close" time="0.0">
    <ignored/>
  </testcase> <!-- @AfterSuite close -->
  <testcase classname="utils.WebTestBase" name="@AfterSuite close" time="0.0">
    <ignored/>
  </testcase> <!-- @AfterSuite close -->
  <testcase classname="utils.WebTestBase" name="@AfterSuite close" time="0.0">
    <ignored/>
  </testcase> <!-- @AfterSuite close -->
  <testcase classname="utils.WebTestBase" name="@AfterSuite close" time="0.0">
    <ignored/>
  </testcase> <!-- @AfterSuite close -->
  <testcase classname="utils.WebTestBase" name="@AfterSuite close" time="0.0">
    <ignored/>
  </testcase> <!-- @AfterSuite close -->
  <testcase classname="utils.WebTestBase" name="@AfterSuite close" time="0.0">
    <ignored/>
  </testcase> <!-- @AfterSuite close -->
  <testcase classname="utils.WebTestBase" name="@AfterSuite close" time="0.0">
    <ignored/>
  </testcase> <!-- @AfterSuite close -->
  <testcase classname="utils.WebTestBase" name="@AfterSuite close" time="0.0">
    <ignored/>
  </testcase> <!-- @AfterSuite close -->
  <testcase classname="utils.WebTestBase" name="@AfterSuite close" time="0.0">
    <ignored/>
  </testcase> <!-- @AfterSuite close -->
  <testcase classname="utils.WebTestBase" name="@AfterSuite close" time="0.0">
    <ignored/>
  </testcase> <!-- @AfterSuite close -->
  <testcase classname="utils.WebTestBase" name="@AfterSuite close" time="0.0">
    <ignored/>
  </testcase> <!-- @AfterSuite close -->
  <testcase classname="utils.WebTestBase" name="@AfterSuite close" time="0.0">
    <ignored/>
  </testcase> <!-- @AfterSuite close -->
  <testcase classname="utils.WebTestBase" name="@AfterSuite close" time="0.0">
    <ignored/>
  </testcase> <!-- @AfterSuite close -->
  <testcase classname="utils.WebTestBase" name="@AfterSuite close" time="0.0">
    <ignored/>
  </testcase> <!-- @AfterSuite close -->
  <testcase classname="utils.WebTestBase" name="@AfterSuite close" time="0.0">
    <ignored/>
  </testcase> <!-- @AfterSuite close -->
  <testcase classname="utils.WebTestBase" name="@AfterSuite close" time="0.0">
    <ignored/>
  </testcase> <!-- @AfterSuite close -->
  <testcase classname="utils.WebTestBase" name="@AfterSuite close" time="0.0">
    <ignored/>
  </testcase> <!-- @AfterSuite close -->
  <testcase classname="utils.WebTestBase" name="@AfterSuite close" time="0.0">
    <ignored/>
  </testcase> <!-- @AfterSuite close -->
  <testcase classname="utils.WebTestBase" name="@AfterSuite close" time="0.0">
    <ignored/>
  </testcase> <!-- @AfterSuite close -->
  <testcase classname="utils.WebTestBase" name="@AfterSuite close" time="0.0">
    <ignored/>
  </testcase> <!-- @AfterSuite close -->
  <testcase classname="utils.WebTestBase" name="@AfterSuite close" time="0.0">
    <ignored/>
  </testcase> <!-- @AfterSuite close -->
  <testcase classname="utils.WebTestBase" name="@AfterSuite close" time="0.0">
    <ignored/>
  </testcase> <!-- @AfterSuite close -->
  <testcase classname="utils.WebTestBase" name="@AfterSuite close" time="0.0">
    <ignored/>
  </testcase> <!-- @AfterSuite close -->
  <testcase classname="utils.WebTestBase" name="@AfterSuite close" time="0.0">
    <ignored/>
  </testcase> <!-- @AfterSuite close -->
  <testcase classname="utils.WebTestBase" name="@AfterSuite close" time="0.0">
    <ignored/>
  </testcase> <!-- @AfterSuite close -->
</testsuite> <!-- Test -->
