<?xml version="1.0" encoding="UTF-8"?>
<!-- Generated by org.testng.reporters.JUnitXMLReporter -->
<testsuite ignored="11" hostname="COG-WIN-MAC03" failures="0" tests="12" name="Parallel Tests2" time="1124.524" errors="0" timestamp="2022-11-28T14:09:14 IST">
  <testcase classname="testcases.ApprovalTest" name="ValidateClickTestingOfApprovalChainPage" time="53.688"/>
  <testcase classname="testcases.VendorTest" name="ValidateClickTestingOfTrainingPage" time="63.468"/>
  <testcase classname="testcases.PerformanceReviewTest" name="ValidateClickTestingOfPerformanceReviewPage" time="92.899"/>
  <testcase classname="testcases.HRManagementTest" name="ValidateClickTestingOfAttendancePage" time="87.964"/>
  <testcase classname="testcases.TicketingTest" name="ValidateClickTestingOfTicketingPage" time="115.286"/>
  <testcase classname="testcases.TimeTrackingTest" name="ValidateClickTestingOfAuditRulePage" time="132.031"/>
  <testcase classname="testcases.HiringTest" name="ValidateClickTestingOfCandidateListPage" time="63.598"/>
  <testcase classname="testcases.CommunicationTest" name="ValidateClickTestingOfIVRPage" time="75.614"/>
  <testcase classname="testcases.TrainingTest" name="ValidateClickTestingOfTrainingPage" time="56.705"/>
  <testcase classname="testcases.COMPANYSETUPTest" name="ValidateClickTestingOfClientPage" time="51.5"/>
  <testcase classname="testcases.ProjectManagementTest" name="ValidateClickTestingOfGlobalTaskPage" time="136.693"/>
  <testcase classname="testcases.IntegrationTest" name="ValidateClickTestingOfBasecampPage" time="51.097"/>
  <testcase classname="utils.WebTestBase" name="@AfterSuite close" time="0.0">
    <ignored/>
  </testcase> <!-- @AfterSuite close -->
  <testcase classname="utils.WebTestBase" name="@AfterSuite close" time="0.0">
    <ignored/>
  </testcase> <!-- @AfterSuite close -->
  <testcase classname="utils.WebTestBase" name="@AfterSuite close" time="0.0">
    <ignored/>
  </testcase> <!-- @AfterSuite close -->
  <testcase classname="utils.WebTestBase" name="@AfterSuite close" time="0.0">
    <ignored/>
  </testcase> <!-- @AfterSuite close -->
  <testcase classname="utils.WebTestBase" name="@AfterSuite close" time="0.0">
    <ignored/>
  </testcase> <!-- @AfterSuite close -->
  <testcase classname="utils.WebTestBase" name="@AfterSuite close" time="0.0">
    <ignored/>
  </testcase> <!-- @AfterSuite close -->
  <testcase classname="utils.WebTestBase" name="@AfterSuite close" time="0.0">
    <ignored/>
  </testcase> <!-- @AfterSuite close -->
  <testcase classname="utils.WebTestBase" name="@AfterSuite close" time="0.0">
    <ignored/>
  </testcase> <!-- @AfterSuite close -->
  <testcase classname="utils.WebTestBase" name="@AfterSuite close" time="0.0">
    <ignored/>
  </testcase> <!-- @AfterSuite close -->
  <testcase classname="utils.WebTestBase" name="@AfterSuite close" time="0.0">
    <ignored/>
  </testcase> <!-- @AfterSuite close -->
  <testcase classname="utils.WebTestBase" name="@AfterSuite close" time="0.0">
    <ignored/>
  </testcase> <!-- @AfterSuite close -->
</testsuite> <!-- Parallel Tests2 -->
