<?xml version="1.0" encoding="UTF-8"?>
<testng-results ignored="25" total="51" passed="26" failed="0" skipped="0">
  <reporter-output>
  </reporter-output>
  <suite started-at="2022-11-07T14:17:39 IST" name="Suite" finished-at="2022-11-07T14:49:25 IST" duration-ms="1905933">
    <groups>
    </groups>
    <test started-at="2022-11-07T14:17:39 IST" name="Test" finished-at="2022-11-07T14:49:25 IST" duration-ms="1905933">
      <class name="testcases.TimeTrackingTest">
        <test-method is-config="true" signature="setUp()[pri:0, instance:testcases.TimeTrackingTest@402bba4f]" started-at="2022-11-07T14:40:27 IST" name="setUp" finished-at="2022-11-07T14:40:36 IST" duration-ms="8437" status="PASS">
          <reporter-output>
          </reporter-output>
        </test-method> <!-- setUp -->
        <test-method is-config="true" signature="beforeMethod(java.lang.reflect.Method)[pri:0, instance:testcases.TimeTrackingTest@402bba4f]" started-at="2022-11-07T14:40:36 IST" name="beforeMethod" finished-at="2022-11-07T14:40:36 IST" duration-ms="0" status="PASS">
          <params>
            <param index="0">
              <value>
                <![CDATA[public void testcases.TimeTrackingTest.ValidateClickTestingOfAuditRulePage()]]>
              </value>
            </param>
          </params>
          <reporter-output>
          </reporter-output>
        </test-method> <!-- beforeMethod -->
        <test-method signature="ValidateClickTestingOfAuditRulePage()[pri:0, instance:testcases.TimeTrackingTest@402bba4f]" started-at="2022-11-07T14:40:36 IST" name="ValidateClickTestingOfAuditRulePage" finished-at="2022-11-07T14:42:26 IST" duration-ms="109864" status="PASS">
          <reporter-output>
          </reporter-output>
        </test-method> <!-- ValidateClickTestingOfAuditRulePage -->
        <test-method is-config="true" signature="reportWrapUp(org.testng.ITestResult,java.lang.reflect.Method)[pri:0, instance:testcases.TimeTrackingTest@402bba4f]" started-at="2022-11-07T14:42:26 IST" name="reportWrapUp" finished-at="2022-11-07T14:42:26 IST" duration-ms="1" status="PASS">
          <params>
            <param index="0">
              <value>
                <![CDATA[[TestResult name=ValidateClickTestingOfAuditRulePage status=SUCCESS method=TimeTrackingTest.ValidateClickTestingOfAuditRulePage()[pri:0, instance:testcases.TimeTrackingTest@402bba4f] output={null}]]]>
              </value>
            </param>
            <param index="1">
              <value>
                <![CDATA[public void testcases.TimeTrackingTest.ValidateClickTestingOfAuditRulePage()]]>
              </value>
            </param>
          </params>
          <reporter-output>
          </reporter-output>
        </test-method> <!-- reportWrapUp -->
        <test-method is-config="true" signature="closeBrowser()[pri:0, instance:testcases.TimeTrackingTest@402bba4f]" started-at="2022-11-07T14:42:26 IST" name="closeBrowser" finished-at="2022-11-07T14:42:26 IST" duration-ms="340" status="PASS">
          <reporter-output>
          </reporter-output>
        </test-method> <!-- closeBrowser -->
      </class> <!-- testcases.TimeTrackingTest -->
      <class name="testcases.ProjectManagementTest">
        <test-method is-config="true" signature="setUp()[pri:0, instance:testcases.ProjectManagementTest@dbf57b3]" started-at="2022-11-07T14:46:22 IST" name="setUp" finished-at="2022-11-07T14:46:30 IST" duration-ms="7730" status="PASS">
          <reporter-output>
          </reporter-output>
        </test-method> <!-- setUp -->
        <test-method is-config="true" signature="beforeMethod(java.lang.reflect.Method)[pri:0, instance:testcases.ProjectManagementTest@dbf57b3]" started-at="2022-11-07T14:46:30 IST" name="beforeMethod" finished-at="2022-11-07T14:46:30 IST" duration-ms="1" status="PASS">
          <params>
            <param index="0">
              <value>
                <![CDATA[public void testcases.ProjectManagementTest.ValidateClickTestingOfGlobalTaskPage()]]>
              </value>
            </param>
          </params>
          <reporter-output>
          </reporter-output>
        </test-method> <!-- beforeMethod -->
        <test-method signature="ValidateClickTestingOfGlobalTaskPage()[pri:0, instance:testcases.ProjectManagementTest@dbf57b3]" started-at="2022-11-07T14:46:30 IST" name="ValidateClickTestingOfGlobalTaskPage" finished-at="2022-11-07T14:48:31 IST" duration-ms="121263" status="PASS">
          <reporter-output>
          </reporter-output>
        </test-method> <!-- ValidateClickTestingOfGlobalTaskPage -->
        <test-method is-config="true" signature="reportWrapUp(org.testng.ITestResult,java.lang.reflect.Method)[pri:0, instance:testcases.ProjectManagementTest@dbf57b3]" started-at="2022-11-07T14:48:31 IST" name="reportWrapUp" finished-at="2022-11-07T14:48:31 IST" duration-ms="1" status="PASS">
          <params>
            <param index="0">
              <value>
                <![CDATA[[TestResult name=ValidateClickTestingOfGlobalTaskPage status=SUCCESS method=ProjectManagementTest.ValidateClickTestingOfGlobalTaskPage()[pri:0, instance:testcases.ProjectManagementTest@dbf57b3] output={null}]]]>
              </value>
            </param>
            <param index="1">
              <value>
                <![CDATA[public void testcases.ProjectManagementTest.ValidateClickTestingOfGlobalTaskPage()]]>
              </value>
            </param>
          </params>
          <reporter-output>
          </reporter-output>
        </test-method> <!-- reportWrapUp -->
        <test-method is-config="true" signature="closeBrowser()[pri:0, instance:testcases.ProjectManagementTest@dbf57b3]" started-at="2022-11-07T14:48:31 IST" name="closeBrowser" finished-at="2022-11-07T14:48:32 IST" duration-ms="455" status="PASS">
          <reporter-output>
          </reporter-output>
        </test-method> <!-- closeBrowser -->
      </class> <!-- testcases.ProjectManagementTest -->
      <class name="testcases.MSPModuleTest">
        <test-method is-config="true" signature="setUp()[pri:0, instance:testcases.MSPModuleTest@72057ecf]" started-at="2022-11-07T14:28:57 IST" name="setUp" finished-at="2022-11-07T14:29:06 IST" duration-ms="8841" status="PASS">
          <reporter-output>
          </reporter-output>
        </test-method> <!-- setUp -->
        <test-method is-config="true" signature="beforeMethod(java.lang.reflect.Method)[pri:0, instance:testcases.MSPModuleTest@72057ecf]" started-at="2022-11-07T14:29:06 IST" name="beforeMethod" finished-at="2022-11-07T14:29:06 IST" duration-ms="1" status="PASS">
          <params>
            <param index="0">
              <value>
                <![CDATA[public void testcases.MSPModuleTest.ValidateClickTestingOfAddPackagesPage()]]>
              </value>
            </param>
          </params>
          <reporter-output>
          </reporter-output>
        </test-method> <!-- beforeMethod -->
        <test-method signature="ValidateClickTestingOfAddPackagesPage()[pri:0, instance:testcases.MSPModuleTest@72057ecf]" started-at="2022-11-07T14:29:06 IST" name="ValidateClickTestingOfAddPackagesPage" finished-at="2022-11-07T14:29:53 IST" duration-ms="46872" status="PASS">
          <reporter-output>
          </reporter-output>
        </test-method> <!-- ValidateClickTestingOfAddPackagesPage -->
        <test-method is-config="true" signature="reportWrapUp(org.testng.ITestResult,java.lang.reflect.Method)[pri:0, instance:testcases.MSPModuleTest@72057ecf]" started-at="2022-11-07T14:29:53 IST" name="reportWrapUp" finished-at="2022-11-07T14:29:53 IST" duration-ms="0" status="PASS">
          <params>
            <param index="0">
              <value>
                <![CDATA[[TestResult name=ValidateClickTestingOfAddPackagesPage status=SUCCESS method=MSPModuleTest.ValidateClickTestingOfAddPackagesPage()[pri:0, instance:testcases.MSPModuleTest@72057ecf] output={null}]]]>
              </value>
            </param>
            <param index="1">
              <value>
                <![CDATA[public void testcases.MSPModuleTest.ValidateClickTestingOfAddPackagesPage()]]>
              </value>
            </param>
          </params>
          <reporter-output>
          </reporter-output>
        </test-method> <!-- reportWrapUp -->
        <test-method is-config="true" signature="closeBrowser()[pri:0, instance:testcases.MSPModuleTest@72057ecf]" started-at="2022-11-07T14:29:53 IST" name="closeBrowser" finished-at="2022-11-07T14:29:53 IST" duration-ms="325" status="PASS">
          <reporter-output>
          </reporter-output>
        </test-method> <!-- closeBrowser -->
      </class> <!-- testcases.MSPModuleTest -->
      <class name="testcases.COMPANYSETUPTest">
        <test-method is-config="true" signature="setUp()[pri:0, instance:testcases.COMPANYSETUPTest@123ef382]" started-at="2022-11-07T14:45:30 IST" name="setUp" finished-at="2022-11-07T14:45:39 IST" duration-ms="9265" status="PASS">
          <reporter-output>
          </reporter-output>
        </test-method> <!-- setUp -->
        <test-method is-config="true" signature="beforeMethod(java.lang.reflect.Method)[pri:0, instance:testcases.COMPANYSETUPTest@123ef382]" started-at="2022-11-07T14:45:39 IST" name="beforeMethod" finished-at="2022-11-07T14:45:39 IST" duration-ms="1" status="PASS">
          <params>
            <param index="0">
              <value>
                <![CDATA[public void testcases.COMPANYSETUPTest.ValidateClickTestingOfClientPage()]]>
              </value>
            </param>
          </params>
          <reporter-output>
          </reporter-output>
        </test-method> <!-- beforeMethod -->
        <test-method signature="ValidateClickTestingOfClientPage()[pri:0, instance:testcases.COMPANYSETUPTest@123ef382]" started-at="2022-11-07T14:45:39 IST" name="ValidateClickTestingOfClientPage" finished-at="2022-11-07T14:46:22 IST" duration-ms="42802" status="PASS">
          <reporter-output>
          </reporter-output>
        </test-method> <!-- ValidateClickTestingOfClientPage -->
        <test-method is-config="true" signature="reportWrapUp(org.testng.ITestResult,java.lang.reflect.Method)[pri:0, instance:testcases.COMPANYSETUPTest@123ef382]" started-at="2022-11-07T14:46:22 IST" name="reportWrapUp" finished-at="2022-11-07T14:46:22 IST" duration-ms="1" status="PASS">
          <params>
            <param index="0">
              <value>
                <![CDATA[[TestResult name=ValidateClickTestingOfClientPage status=SUCCESS method=COMPANYSETUPTest.ValidateClickTestingOfClientPage()[pri:0, instance:testcases.COMPANYSETUPTest@123ef382] output={null}]]]>
              </value>
            </param>
            <param index="1">
              <value>
                <![CDATA[public void testcases.COMPANYSETUPTest.ValidateClickTestingOfClientPage()]]>
              </value>
            </param>
          </params>
          <reporter-output>
          </reporter-output>
        </test-method> <!-- reportWrapUp -->
        <test-method is-config="true" signature="closeBrowser()[pri:0, instance:testcases.COMPANYSETUPTest@123ef382]" started-at="2022-11-07T14:46:22 IST" name="closeBrowser" finished-at="2022-11-07T14:46:22 IST" duration-ms="324" status="PASS">
          <reporter-output>
          </reporter-output>
        </test-method> <!-- closeBrowser -->
      </class> <!-- testcases.COMPANYSETUPTest -->
      <class name="testcases.DisplayScreenTest">
        <test-method is-config="true" signature="setUp()[pri:0, instance:testcases.DisplayScreenTest@1afd44cb]" started-at="2022-11-07T14:29:53 IST" name="setUp" finished-at="2022-11-07T14:30:02 IST" duration-ms="8595" status="PASS">
          <reporter-output>
          </reporter-output>
        </test-method> <!-- setUp -->
        <test-method signature="ValidateClickTestingOfCounterPage()[pri:0, instance:testcases.DisplayScreenTest@1afd44cb]" started-at="2022-11-07T14:30:02 IST" name="ValidateClickTestingOfCounterPage" finished-at="2022-11-07T14:30:47 IST" duration-ms="45429" status="PASS">
          <reporter-output>
          </reporter-output>
        </test-method> <!-- ValidateClickTestingOfCounterPage -->
        <test-method is-config="true" signature="beforeMethod(java.lang.reflect.Method)[pri:0, instance:testcases.DisplayScreenTest@1afd44cb]" started-at="2022-11-07T14:30:02 IST" name="beforeMethod" finished-at="2022-11-07T14:30:02 IST" duration-ms="0" status="PASS">
          <params>
            <param index="0">
              <value>
                <![CDATA[public void testcases.DisplayScreenTest.ValidateClickTestingOfCounterPage()]]>
              </value>
            </param>
          </params>
          <reporter-output>
          </reporter-output>
        </test-method> <!-- beforeMethod -->
        <test-method is-config="true" signature="reportWrapUp(org.testng.ITestResult,java.lang.reflect.Method)[pri:0, instance:testcases.DisplayScreenTest@1afd44cb]" started-at="2022-11-07T14:30:47 IST" name="reportWrapUp" finished-at="2022-11-07T14:30:47 IST" duration-ms="0" status="PASS">
          <params>
            <param index="0">
              <value>
                <![CDATA[[TestResult name=ValidateClickTestingOfCounterPage status=SUCCESS method=DisplayScreenTest.ValidateClickTestingOfCounterPage()[pri:0, instance:testcases.DisplayScreenTest@1afd44cb] output={null}]]]>
              </value>
            </param>
            <param index="1">
              <value>
                <![CDATA[public void testcases.DisplayScreenTest.ValidateClickTestingOfCounterPage()]]>
              </value>
            </param>
          </params>
          <reporter-output>
          </reporter-output>
        </test-method> <!-- reportWrapUp -->
        <test-method is-config="true" signature="closeBrowser()[pri:0, instance:testcases.DisplayScreenTest@1afd44cb]" started-at="2022-11-07T14:30:47 IST" name="closeBrowser" finished-at="2022-11-07T14:30:47 IST" duration-ms="300" status="PASS">
          <reporter-output>
          </reporter-output>
        </test-method> <!-- closeBrowser -->
      </class> <!-- testcases.DisplayScreenTest -->
      <class name="testcases.BillingTest">
        <test-method is-config="true" signature="setUp()[pri:0, instance:testcases.BillingTest@3835c46]" started-at="2022-11-07T14:18:51 IST" name="setUp" finished-at="2022-11-07T14:18:59 IST" duration-ms="8663" status="PASS">
          <reporter-output>
          </reporter-output>
        </test-method> <!-- setUp -->
        <test-method is-config="true" signature="beforeMethod(java.lang.reflect.Method)[pri:0, instance:testcases.BillingTest@3835c46]" started-at="2022-11-07T14:18:59 IST" name="beforeMethod" finished-at="2022-11-07T14:18:59 IST" duration-ms="1" status="PASS">
          <params>
            <param index="0">
              <value>
                <![CDATA[public void testcases.BillingTest.ValidateClickTestingOfAutomateFlagProcessingPage()]]>
              </value>
            </param>
          </params>
          <reporter-output>
          </reporter-output>
        </test-method> <!-- beforeMethod -->
        <test-method signature="ValidateClickTestingOfAutomateFlagProcessingPage()[pri:0, instance:testcases.BillingTest@3835c46]" started-at="2022-11-07T14:18:59 IST" name="ValidateClickTestingOfAutomateFlagProcessingPage" finished-at="2022-11-07T14:19:48 IST" duration-ms="49196" status="PASS">
          <reporter-output>
          </reporter-output>
        </test-method> <!-- ValidateClickTestingOfAutomateFlagProcessingPage -->
        <test-method is-config="true" signature="reportWrapUp(org.testng.ITestResult,java.lang.reflect.Method)[pri:0, instance:testcases.BillingTest@3835c46]" started-at="2022-11-07T14:19:48 IST" name="reportWrapUp" finished-at="2022-11-07T14:19:48 IST" duration-ms="1" status="PASS">
          <params>
            <param index="0">
              <value>
                <![CDATA[[TestResult name=ValidateClickTestingOfAutomateFlagProcessingPage status=SUCCESS method=BillingTest.ValidateClickTestingOfAutomateFlagProcessingPage()[pri:0, instance:testcases.BillingTest@3835c46] output={null}]]]>
              </value>
            </param>
            <param index="1">
              <value>
                <![CDATA[public void testcases.BillingTest.ValidateClickTestingOfAutomateFlagProcessingPage()]]>
              </value>
            </param>
          </params>
          <reporter-output>
          </reporter-output>
        </test-method> <!-- reportWrapUp -->
        <test-method is-config="true" signature="closeBrowser()[pri:0, instance:testcases.BillingTest@3835c46]" started-at="2022-11-07T14:19:48 IST" name="closeBrowser" finished-at="2022-11-07T14:19:49 IST" duration-ms="326" status="PASS">
          <reporter-output>
          </reporter-output>
        </test-method> <!-- closeBrowser -->
      </class> <!-- testcases.BillingTest -->
      <class name="testcases.EventManagementTest">
        <test-method is-config="true" signature="setUp()[pri:0, instance:testcases.EventManagementTest@393671df]" started-at="2022-11-07T14:24:05 IST" name="setUp" finished-at="2022-11-07T14:24:13 IST" duration-ms="8086" status="PASS">
          <reporter-output>
          </reporter-output>
        </test-method> <!-- setUp -->
        <test-method signature="ValidateClickTestingOfCalendarPage()[pri:0, instance:testcases.EventManagementTest@393671df]" started-at="2022-11-07T14:24:13 IST" name="ValidateClickTestingOfCalendarPage" finished-at="2022-11-07T14:25:39 IST" duration-ms="85897" status="PASS">
          <reporter-output>
          </reporter-output>
        </test-method> <!-- ValidateClickTestingOfCalendarPage -->
        <test-method is-config="true" signature="beforeMethod(java.lang.reflect.Method)[pri:0, instance:testcases.EventManagementTest@393671df]" started-at="2022-11-07T14:24:13 IST" name="beforeMethod" finished-at="2022-11-07T14:24:13 IST" duration-ms="0" status="PASS">
          <params>
            <param index="0">
              <value>
                <![CDATA[public void testcases.EventManagementTest.ValidateClickTestingOfCalendarPage()]]>
              </value>
            </param>
          </params>
          <reporter-output>
          </reporter-output>
        </test-method> <!-- beforeMethod -->
        <test-method is-config="true" signature="reportWrapUp(org.testng.ITestResult,java.lang.reflect.Method)[pri:0, instance:testcases.EventManagementTest@393671df]" started-at="2022-11-07T14:25:39 IST" name="reportWrapUp" finished-at="2022-11-07T14:25:39 IST" duration-ms="1" status="PASS">
          <params>
            <param index="0">
              <value>
                <![CDATA[[TestResult name=ValidateClickTestingOfCalendarPage status=SUCCESS method=EventManagementTest.ValidateClickTestingOfCalendarPage()[pri:0, instance:testcases.EventManagementTest@393671df] output={null}]]]>
              </value>
            </param>
            <param index="1">
              <value>
                <![CDATA[public void testcases.EventManagementTest.ValidateClickTestingOfCalendarPage()]]>
              </value>
            </param>
          </params>
          <reporter-output>
          </reporter-output>
        </test-method> <!-- reportWrapUp -->
        <test-method is-config="true" signature="closeBrowser()[pri:0, instance:testcases.EventManagementTest@393671df]" started-at="2022-11-07T14:25:39 IST" name="closeBrowser" finished-at="2022-11-07T14:25:40 IST" duration-ms="334" status="PASS">
          <reporter-output>
          </reporter-output>
        </test-method> <!-- closeBrowser -->
      </class> <!-- testcases.EventManagementTest -->
      <class name="testcases.GeneralTest">
        <test-method is-config="true" signature="setUp()[pri:0, instance:testcases.GeneralTest@7714e963]" started-at="2022-11-07T14:21:40 IST" name="setUp" finished-at="2022-11-07T14:21:49 IST" duration-ms="8954" status="PASS">
          <reporter-output>
          </reporter-output>
        </test-method> <!-- setUp -->
        <test-method is-config="true" signature="beforeMethod(java.lang.reflect.Method)[pri:0, instance:testcases.GeneralTest@7714e963]" started-at="2022-11-07T14:21:49 IST" name="beforeMethod" finished-at="2022-11-07T14:21:49 IST" duration-ms="1" status="PASS">
          <params>
            <param index="0">
              <value>
                <![CDATA[public void testcases.GeneralTest.ValidateClickTestingOfAddReportPage()]]>
              </value>
            </param>
          </params>
          <reporter-output>
          </reporter-output>
        </test-method> <!-- beforeMethod -->
        <test-method signature="ValidateClickTestingOfAddReportPage()[pri:0, instance:testcases.GeneralTest@7714e963]" started-at="2022-11-07T14:21:49 IST" name="ValidateClickTestingOfAddReportPage" finished-at="2022-11-07T14:22:55 IST" duration-ms="65098" status="PASS">
          <reporter-output>
          </reporter-output>
        </test-method> <!-- ValidateClickTestingOfAddReportPage -->
        <test-method is-config="true" signature="reportWrapUp(org.testng.ITestResult,java.lang.reflect.Method)[pri:0, instance:testcases.GeneralTest@7714e963]" started-at="2022-11-07T14:22:55 IST" name="reportWrapUp" finished-at="2022-11-07T14:22:55 IST" duration-ms="2" status="PASS">
          <params>
            <param index="0">
              <value>
                <![CDATA[[TestResult name=ValidateClickTestingOfAddReportPage status=SUCCESS method=GeneralTest.ValidateClickTestingOfAddReportPage()[pri:0, instance:testcases.GeneralTest@7714e963] output={null}]]]>
              </value>
            </param>
            <param index="1">
              <value>
                <![CDATA[public void testcases.GeneralTest.ValidateClickTestingOfAddReportPage()]]>
              </value>
            </param>
          </params>
          <reporter-output>
          </reporter-output>
        </test-method> <!-- reportWrapUp -->
        <test-method is-config="true" signature="closeBrowser()[pri:0, instance:testcases.GeneralTest@7714e963]" started-at="2022-11-07T14:22:55 IST" name="closeBrowser" finished-at="2022-11-07T14:22:55 IST" duration-ms="291" status="PASS">
          <reporter-output>
          </reporter-output>
        </test-method> <!-- closeBrowser -->
      </class> <!-- testcases.GeneralTest -->
      <class name="testcases.VDeskTest">
        <test-method is-config="true" signature="setUp()[pri:0, instance:testcases.VDeskTest@6973b51b]" started-at="2022-11-07T14:30:47 IST" name="setUp" finished-at="2022-11-07T14:30:58 IST" duration-ms="10363" status="PASS">
          <reporter-output>
          </reporter-output>
        </test-method> <!-- setUp -->
        <test-method is-config="true" signature="beforeMethod(java.lang.reflect.Method)[pri:0, instance:testcases.VDeskTest@6973b51b]" started-at="2022-11-07T14:30:58 IST" name="beforeMethod" finished-at="2022-11-07T14:30:58 IST" duration-ms="0" status="PASS">
          <params>
            <param index="0">
              <value>
                <![CDATA[public void testcases.VDeskTest.ValidateClickTestingOfApplicationSettingsPage()]]>
              </value>
            </param>
          </params>
          <reporter-output>
          </reporter-output>
        </test-method> <!-- beforeMethod -->
        <test-method signature="ValidateClickTestingOfApplicationSettingsPage()[pri:0, instance:testcases.VDeskTest@6973b51b]" started-at="2022-11-07T14:30:58 IST" name="ValidateClickTestingOfApplicationSettingsPage" finished-at="2022-11-07T14:31:40 IST" duration-ms="42723" status="PASS">
          <reporter-output>
          </reporter-output>
        </test-method> <!-- ValidateClickTestingOfApplicationSettingsPage -->
        <test-method is-config="true" signature="reportWrapUp(org.testng.ITestResult,java.lang.reflect.Method)[pri:0, instance:testcases.VDeskTest@6973b51b]" started-at="2022-11-07T14:31:40 IST" name="reportWrapUp" finished-at="2022-11-07T14:31:40 IST" duration-ms="1" status="PASS">
          <params>
            <param index="0">
              <value>
                <![CDATA[[TestResult name=ValidateClickTestingOfApplicationSettingsPage status=SUCCESS method=VDeskTest.ValidateClickTestingOfApplicationSettingsPage()[pri:0, instance:testcases.VDeskTest@6973b51b] output={null}]]]>
              </value>
            </param>
            <param index="1">
              <value>
                <![CDATA[public void testcases.VDeskTest.ValidateClickTestingOfApplicationSettingsPage()]]>
              </value>
            </param>
          </params>
          <reporter-output>
          </reporter-output>
        </test-method> <!-- reportWrapUp -->
        <test-method is-config="true" signature="closeBrowser()[pri:0, instance:testcases.VDeskTest@6973b51b]" started-at="2022-11-07T14:31:40 IST" name="closeBrowser" finished-at="2022-11-07T14:31:41 IST" duration-ms="316" status="PASS">
          <reporter-output>
          </reporter-output>
        </test-method> <!-- closeBrowser -->
      </class> <!-- testcases.VDeskTest -->
      <class name="testcases.TicketingTest">
        <test-method is-config="true" signature="setUp()[pri:0, instance:testcases.TicketingTest@6e171cd7]" started-at="2022-11-07T14:38:44 IST" name="setUp" finished-at="2022-11-07T14:38:54 IST" duration-ms="9381" status="PASS">
          <reporter-output>
          </reporter-output>
        </test-method> <!-- setUp -->
        <test-method is-config="true" signature="beforeMethod(java.lang.reflect.Method)[pri:0, instance:testcases.TicketingTest@6e171cd7]" started-at="2022-11-07T14:38:54 IST" name="beforeMethod" finished-at="2022-11-07T14:38:54 IST" duration-ms="1" status="PASS">
          <params>
            <param index="0">
              <value>
                <![CDATA[public void testcases.TicketingTest.ValidateClickTestingOfTicketingPage()]]>
              </value>
            </param>
          </params>
          <reporter-output>
          </reporter-output>
        </test-method> <!-- beforeMethod -->
        <test-method signature="ValidateClickTestingOfTicketingPage()[pri:0, instance:testcases.TicketingTest@6e171cd7]" started-at="2022-11-07T14:38:54 IST" name="ValidateClickTestingOfTicketingPage" finished-at="2022-11-07T14:40:27 IST" duration-ms="93515" status="PASS">
          <reporter-output>
          </reporter-output>
        </test-method> <!-- ValidateClickTestingOfTicketingPage -->
        <test-method is-config="true" signature="reportWrapUp(org.testng.ITestResult,java.lang.reflect.Method)[pri:0, instance:testcases.TicketingTest@6e171cd7]" started-at="2022-11-07T14:40:27 IST" name="reportWrapUp" finished-at="2022-11-07T14:40:27 IST" duration-ms="1" status="PASS">
          <params>
            <param index="0">
              <value>
                <![CDATA[[TestResult name=ValidateClickTestingOfTicketingPage status=SUCCESS method=TicketingTest.ValidateClickTestingOfTicketingPage()[pri:0, instance:testcases.TicketingTest@6e171cd7] output={null}]]]>
              </value>
            </param>
            <param index="1">
              <value>
                <![CDATA[public void testcases.TicketingTest.ValidateClickTestingOfTicketingPage()]]>
              </value>
            </param>
          </params>
          <reporter-output>
          </reporter-output>
        </test-method> <!-- reportWrapUp -->
        <test-method is-config="true" signature="closeBrowser()[pri:0, instance:testcases.TicketingTest@6e171cd7]" started-at="2022-11-07T14:40:27 IST" name="closeBrowser" finished-at="2022-11-07T14:40:27 IST" duration-ms="424" status="PASS">
          <reporter-output>
          </reporter-output>
        </test-method> <!-- closeBrowser -->
      </class> <!-- testcases.TicketingTest -->
      <class name="testcases.FSMTest">
        <test-method is-config="true" signature="setUp()[pri:0, instance:testcases.FSMTest@5f058f00]" started-at="2022-11-07T14:27:05 IST" name="setUp" finished-at="2022-11-07T14:27:14 IST" duration-ms="8616" status="PASS">
          <reporter-output>
          </reporter-output>
        </test-method> <!-- setUp -->
        <test-method signature="ValidateClickTestingOfAddTicketPage()[pri:0, instance:testcases.FSMTest@5f058f00]" started-at="2022-11-07T14:27:14 IST" name="ValidateClickTestingOfAddTicketPage" finished-at="2022-11-07T14:28:03 IST" duration-ms="48916" status="PASS">
          <reporter-output>
          </reporter-output>
        </test-method> <!-- ValidateClickTestingOfAddTicketPage -->
        <test-method is-config="true" signature="beforeMethod(java.lang.reflect.Method)[pri:0, instance:testcases.FSMTest@5f058f00]" started-at="2022-11-07T14:27:14 IST" name="beforeMethod" finished-at="2022-11-07T14:27:14 IST" duration-ms="0" status="PASS">
          <params>
            <param index="0">
              <value>
                <![CDATA[public void testcases.FSMTest.ValidateClickTestingOfAddTicketPage()]]>
              </value>
            </param>
          </params>
          <reporter-output>
          </reporter-output>
        </test-method> <!-- beforeMethod -->
        <test-method is-config="true" signature="reportWrapUp(org.testng.ITestResult,java.lang.reflect.Method)[pri:0, instance:testcases.FSMTest@5f058f00]" started-at="2022-11-07T14:28:03 IST" name="reportWrapUp" finished-at="2022-11-07T14:28:03 IST" duration-ms="1" status="PASS">
          <params>
            <param index="0">
              <value>
                <![CDATA[[TestResult name=ValidateClickTestingOfAddTicketPage status=SUCCESS method=FSMTest.ValidateClickTestingOfAddTicketPage()[pri:0, instance:testcases.FSMTest@5f058f00] output={null}]]]>
              </value>
            </param>
            <param index="1">
              <value>
                <![CDATA[public void testcases.FSMTest.ValidateClickTestingOfAddTicketPage()]]>
              </value>
            </param>
          </params>
          <reporter-output>
          </reporter-output>
        </test-method> <!-- reportWrapUp -->
        <test-method is-config="true" signature="closeBrowser()[pri:0, instance:testcases.FSMTest@5f058f00]" started-at="2022-11-07T14:28:03 IST" name="closeBrowser" finished-at="2022-11-07T14:28:03 IST" duration-ms="374" status="PASS">
          <reporter-output>
          </reporter-output>
        </test-method> <!-- closeBrowser -->
      </class> <!-- testcases.FSMTest -->
      <class name="testcases.CommunicationTest">
        <test-method is-config="true" signature="setUp()[pri:0, instance:testcases.CommunicationTest@59fd97a8]" started-at="2022-11-07T14:43:25 IST" name="setUp" finished-at="2022-11-07T14:43:33 IST" duration-ms="8365" status="PASS">
          <reporter-output>
          </reporter-output>
        </test-method> <!-- setUp -->
        <test-method is-config="true" signature="beforeMethod(java.lang.reflect.Method)[pri:0, instance:testcases.CommunicationTest@59fd97a8]" started-at="2022-11-07T14:43:33 IST" name="beforeMethod" finished-at="2022-11-07T14:43:33 IST" duration-ms="1" status="PASS">
          <params>
            <param index="0">
              <value>
                <![CDATA[public void testcases.CommunicationTest.ValidateClickTestingOfIVRPage()]]>
              </value>
            </param>
          </params>
          <reporter-output>
          </reporter-output>
        </test-method> <!-- beforeMethod -->
        <test-method signature="ValidateClickTestingOfIVRPage()[pri:0, instance:testcases.CommunicationTest@59fd97a8]" started-at="2022-11-07T14:43:33 IST" name="ValidateClickTestingOfIVRPage" finished-at="2022-11-07T14:44:32 IST" duration-ms="58055" status="PASS">
          <reporter-output>
          </reporter-output>
        </test-method> <!-- ValidateClickTestingOfIVRPage -->
        <test-method is-config="true" signature="reportWrapUp(org.testng.ITestResult,java.lang.reflect.Method)[pri:0, instance:testcases.CommunicationTest@59fd97a8]" started-at="2022-11-07T14:44:32 IST" name="reportWrapUp" finished-at="2022-11-07T14:44:32 IST" duration-ms="1" status="PASS">
          <params>
            <param index="0">
              <value>
                <![CDATA[[TestResult name=ValidateClickTestingOfIVRPage status=SUCCESS method=CommunicationTest.ValidateClickTestingOfIVRPage()[pri:0, instance:testcases.CommunicationTest@59fd97a8] output={null}]]]>
              </value>
            </param>
            <param index="1">
              <value>
                <![CDATA[public void testcases.CommunicationTest.ValidateClickTestingOfIVRPage()]]>
              </value>
            </param>
          </params>
          <reporter-output>
          </reporter-output>
        </test-method> <!-- reportWrapUp -->
        <test-method is-config="true" signature="closeBrowser()[pri:0, instance:testcases.CommunicationTest@59fd97a8]" started-at="2022-11-07T14:44:32 IST" name="closeBrowser" finished-at="2022-11-07T14:44:32 IST" duration-ms="338" status="PASS">
          <reporter-output>
          </reporter-output>
        </test-method> <!-- closeBrowser -->
      </class> <!-- testcases.CommunicationTest -->
      <class name="testcases.DocumentStorageTest">
        <test-method is-config="true" signature="setUp()[pri:0, instance:testcases.DocumentStorageTest@56620197]" started-at="2022-11-07T14:25:40 IST" name="setUp" finished-at="2022-11-07T14:25:48 IST" duration-ms="8179" status="PASS">
          <reporter-output>
          </reporter-output>
        </test-method> <!-- setUp -->
        <test-method is-config="true" signature="beforeMethod(java.lang.reflect.Method)[pri:0, instance:testcases.DocumentStorageTest@56620197]" started-at="2022-11-07T14:25:48 IST" name="beforeMethod" finished-at="2022-11-07T14:25:48 IST" duration-ms="1" status="PASS">
          <params>
            <param index="0">
              <value>
                <![CDATA[public void testcases.DocumentStorageTest.ValidateClickTestingOfManageClientStoragePage()]]>
              </value>
            </param>
          </params>
          <reporter-output>
          </reporter-output>
        </test-method> <!-- beforeMethod -->
        <test-method signature="ValidateClickTestingOfManageClientStoragePage()[pri:0, instance:testcases.DocumentStorageTest@56620197]" started-at="2022-11-07T14:25:48 IST" name="ValidateClickTestingOfManageClientStoragePage" finished-at="2022-11-07T14:27:05 IST" duration-ms="76864" status="PASS">
          <reporter-output>
          </reporter-output>
        </test-method> <!-- ValidateClickTestingOfManageClientStoragePage -->
        <test-method is-config="true" signature="reportWrapUp(org.testng.ITestResult,java.lang.reflect.Method)[pri:0, instance:testcases.DocumentStorageTest@56620197]" started-at="2022-11-07T14:27:05 IST" name="reportWrapUp" finished-at="2022-11-07T14:27:05 IST" duration-ms="0" status="PASS">
          <params>
            <param index="0">
              <value>
                <![CDATA[[TestResult name=ValidateClickTestingOfManageClientStoragePage status=SUCCESS method=DocumentStorageTest.ValidateClickTestingOfManageClientStoragePage()[pri:0, instance:testcases.DocumentStorageTest@56620197] output={null}]]]>
              </value>
            </param>
            <param index="1">
              <value>
                <![CDATA[public void testcases.DocumentStorageTest.ValidateClickTestingOfManageClientStoragePage()]]>
              </value>
            </param>
          </params>
          <reporter-output>
          </reporter-output>
        </test-method> <!-- reportWrapUp -->
        <test-method is-config="true" signature="closeBrowser()[pri:0, instance:testcases.DocumentStorageTest@56620197]" started-at="2022-11-07T14:27:05 IST" name="closeBrowser" finished-at="2022-11-07T14:27:05 IST" duration-ms="344" status="PASS">
          <reporter-output>
          </reporter-output>
        </test-method> <!-- closeBrowser -->
      </class> <!-- testcases.DocumentStorageTest -->
      <class name="testcases.HiringTest">
        <test-method is-config="true" signature="setUp()[pri:0, instance:testcases.HiringTest@795cd85e]" started-at="2022-11-07T14:42:26 IST" name="setUp" finished-at="2022-11-07T14:42:35 IST" duration-ms="8478" status="PASS">
          <reporter-output>
          </reporter-output>
        </test-method> <!-- setUp -->
        <test-method is-config="true" signature="beforeMethod(java.lang.reflect.Method)[pri:0, instance:testcases.HiringTest@795cd85e]" started-at="2022-11-07T14:42:35 IST" name="beforeMethod" finished-at="2022-11-07T14:42:35 IST" duration-ms="1" status="PASS">
          <params>
            <param index="0">
              <value>
                <![CDATA[public void testcases.HiringTest.ValidateClickTestingOfCandidateListPage()]]>
              </value>
            </param>
          </params>
          <reporter-output>
          </reporter-output>
        </test-method> <!-- beforeMethod -->
        <test-method signature="ValidateClickTestingOfCandidateListPage()[pri:0, instance:testcases.HiringTest@795cd85e]" started-at="2022-11-07T14:42:35 IST" name="ValidateClickTestingOfCandidateListPage" finished-at="2022-11-07T14:43:25 IST" duration-ms="50118" status="PASS">
          <reporter-output>
          </reporter-output>
        </test-method> <!-- ValidateClickTestingOfCandidateListPage -->
        <test-method is-config="true" signature="closeBrowser()[pri:0, instance:testcases.HiringTest@795cd85e]" started-at="2022-11-07T14:43:25 IST" name="closeBrowser" finished-at="2022-11-07T14:43:25 IST" duration-ms="418" status="PASS">
          <reporter-output>
          </reporter-output>
        </test-method> <!-- closeBrowser -->
        <test-method is-config="true" signature="reportWrapUp(org.testng.ITestResult,java.lang.reflect.Method)[pri:0, instance:testcases.HiringTest@795cd85e]" started-at="2022-11-07T14:43:25 IST" name="reportWrapUp" finished-at="2022-11-07T14:43:25 IST" duration-ms="0" status="PASS">
          <params>
            <param index="0">
              <value>
                <![CDATA[[TestResult name=ValidateClickTestingOfCandidateListPage status=SUCCESS method=HiringTest.ValidateClickTestingOfCandidateListPage()[pri:0, instance:testcases.HiringTest@795cd85e] output={null}]]]>
              </value>
            </param>
            <param index="1">
              <value>
                <![CDATA[public void testcases.HiringTest.ValidateClickTestingOfCandidateListPage()]]>
              </value>
            </param>
          </params>
          <reporter-output>
          </reporter-output>
        </test-method> <!-- reportWrapUp -->
      </class> <!-- testcases.HiringTest -->
      <class name="testcases.TrainingTest">
        <test-method is-config="true" signature="setUp()[pri:0, instance:testcases.TrainingTest@f5ac9e4]" started-at="2022-11-07T14:44:32 IST" name="setUp" finished-at="2022-11-07T14:44:41 IST" duration-ms="9529" status="PASS">
          <reporter-output>
          </reporter-output>
        </test-method> <!-- setUp -->
        <test-method signature="ValidateClickTestingOfTrainingPage()[pri:0, instance:testcases.TrainingTest@f5ac9e4]" started-at="2022-11-07T14:44:41 IST" name="ValidateClickTestingOfTrainingPage" finished-at="2022-11-07T14:45:30 IST" duration-ms="48224" status="PASS">
          <reporter-output>
          </reporter-output>
        </test-method> <!-- ValidateClickTestingOfTrainingPage -->
        <test-method is-config="true" signature="beforeMethod(java.lang.reflect.Method)[pri:0, instance:testcases.TrainingTest@f5ac9e4]" started-at="2022-11-07T14:44:41 IST" name="beforeMethod" finished-at="2022-11-07T14:44:41 IST" duration-ms="0" status="PASS">
          <params>
            <param index="0">
              <value>
                <![CDATA[public void testcases.TrainingTest.ValidateClickTestingOfTrainingPage()]]>
              </value>
            </param>
          </params>
          <reporter-output>
          </reporter-output>
        </test-method> <!-- beforeMethod -->
        <test-method is-config="true" signature="reportWrapUp(org.testng.ITestResult,java.lang.reflect.Method)[pri:0, instance:testcases.TrainingTest@f5ac9e4]" started-at="2022-11-07T14:45:30 IST" name="reportWrapUp" finished-at="2022-11-07T14:45:30 IST" duration-ms="1" status="PASS">
          <params>
            <param index="0">
              <value>
                <![CDATA[[TestResult name=ValidateClickTestingOfTrainingPage status=SUCCESS method=TrainingTest.ValidateClickTestingOfTrainingPage()[pri:0, instance:testcases.TrainingTest@f5ac9e4] output={null}]]]>
              </value>
            </param>
            <param index="1">
              <value>
                <![CDATA[public void testcases.TrainingTest.ValidateClickTestingOfTrainingPage()]]>
              </value>
            </param>
          </params>
          <reporter-output>
          </reporter-output>
        </test-method> <!-- reportWrapUp -->
        <test-method is-config="true" signature="closeBrowser()[pri:0, instance:testcases.TrainingTest@f5ac9e4]" started-at="2022-11-07T14:45:30 IST" name="closeBrowser" finished-at="2022-11-07T14:45:30 IST" duration-ms="301" status="PASS">
          <reporter-output>
          </reporter-output>
        </test-method> <!-- closeBrowser -->
      </class> <!-- testcases.TrainingTest -->
      <class name="testcases.IntegrationTest">
        <test-method is-config="true" signature="setUp()[pri:0, instance:testcases.IntegrationTest@384ad17b]" started-at="2022-11-07T14:48:32 IST" name="setUp" finished-at="2022-11-07T14:48:41 IST" duration-ms="9605" status="PASS">
          <reporter-output>
          </reporter-output>
        </test-method> <!-- setUp -->
        <test-method signature="ValidateClickTestingOfBasecampPage()[pri:0, instance:testcases.IntegrationTest@384ad17b]" started-at="2022-11-07T14:48:41 IST" name="ValidateClickTestingOfBasecampPage" finished-at="2022-11-07T14:49:24 IST" duration-ms="42945" status="PASS">
          <reporter-output>
          </reporter-output>
        </test-method> <!-- ValidateClickTestingOfBasecampPage -->
        <test-method is-config="true" signature="beforeMethod(java.lang.reflect.Method)[pri:0, instance:testcases.IntegrationTest@384ad17b]" started-at="2022-11-07T14:48:41 IST" name="beforeMethod" finished-at="2022-11-07T14:48:41 IST" duration-ms="0" status="PASS">
          <params>
            <param index="0">
              <value>
                <![CDATA[public void testcases.IntegrationTest.ValidateClickTestingOfBasecampPage()]]>
              </value>
            </param>
          </params>
          <reporter-output>
          </reporter-output>
        </test-method> <!-- beforeMethod -->
        <test-method is-config="true" signature="reportWrapUp(org.testng.ITestResult,java.lang.reflect.Method)[pri:0, instance:testcases.IntegrationTest@384ad17b]" started-at="2022-11-07T14:49:24 IST" name="reportWrapUp" finished-at="2022-11-07T14:49:24 IST" duration-ms="0" status="PASS">
          <params>
            <param index="0">
              <value>
                <![CDATA[[TestResult name=ValidateClickTestingOfBasecampPage status=SUCCESS method=IntegrationTest.ValidateClickTestingOfBasecampPage()[pri:0, instance:testcases.IntegrationTest@384ad17b] output={null}]]]>
              </value>
            </param>
            <param index="1">
              <value>
                <![CDATA[public void testcases.IntegrationTest.ValidateClickTestingOfBasecampPage()]]>
              </value>
            </param>
          </params>
          <reporter-output>
          </reporter-output>
        </test-method> <!-- reportWrapUp -->
        <test-method is-config="true" signature="closeBrowser()[pri:0, instance:testcases.IntegrationTest@384ad17b]" started-at="2022-11-07T14:49:24 IST" name="closeBrowser" finished-at="2022-11-07T14:49:25 IST" duration-ms="294" status="PASS">
          <reporter-output>
          </reporter-output>
        </test-method> <!-- closeBrowser -->
      </class> <!-- testcases.IntegrationTest -->
      <class name="testcases.VendorTest">
        <test-method is-config="true" signature="setUp()[pri:0, instance:testcases.VendorTest@479d31f3]" started-at="2022-11-07T14:34:51 IST" name="setUp" finished-at="2022-11-07T14:35:00 IST" duration-ms="8796" status="PASS">
          <reporter-output>
          </reporter-output>
        </test-method> <!-- setUp -->
        <test-method is-config="true" signature="beforeMethod(java.lang.reflect.Method)[pri:0, instance:testcases.VendorTest@479d31f3]" started-at="2022-11-07T14:35:00 IST" name="beforeMethod" finished-at="2022-11-07T14:35:00 IST" duration-ms="2" status="PASS">
          <params>
            <param index="0">
              <value>
                <![CDATA[public void testcases.VendorTest.ValidateClickTestingOfTrainingPage()]]>
              </value>
            </param>
          </params>
          <reporter-output>
          </reporter-output>
        </test-method> <!-- beforeMethod -->
        <test-method signature="ValidateClickTestingOfTrainingPage()[pri:0, instance:testcases.VendorTest@479d31f3]" started-at="2022-11-07T14:35:00 IST" name="ValidateClickTestingOfTrainingPage" finished-at="2022-11-07T14:35:54 IST" duration-ms="53702" status="PASS">
          <reporter-output>
          </reporter-output>
        </test-method> <!-- ValidateClickTestingOfTrainingPage -->
        <test-method is-config="true" signature="reportWrapUp(org.testng.ITestResult,java.lang.reflect.Method)[pri:0, instance:testcases.VendorTest@479d31f3]" started-at="2022-11-07T14:35:54 IST" name="reportWrapUp" finished-at="2022-11-07T14:35:54 IST" duration-ms="3" status="PASS">
          <params>
            <param index="0">
              <value>
                <![CDATA[[TestResult name=ValidateClickTestingOfTrainingPage status=SUCCESS method=VendorTest.ValidateClickTestingOfTrainingPage()[pri:0, instance:testcases.VendorTest@479d31f3] output={null}]]]>
              </value>
            </param>
            <param index="1">
              <value>
                <![CDATA[public void testcases.VendorTest.ValidateClickTestingOfTrainingPage()]]>
              </value>
            </param>
          </params>
          <reporter-output>
          </reporter-output>
        </test-method> <!-- reportWrapUp -->
        <test-method is-config="true" signature="closeBrowser()[pri:0, instance:testcases.VendorTest@479d31f3]" started-at="2022-11-07T14:35:54 IST" name="closeBrowser" finished-at="2022-11-07T14:35:54 IST" duration-ms="463" status="PASS">
          <reporter-output>
          </reporter-output>
        </test-method> <!-- closeBrowser -->
      </class> <!-- testcases.VendorTest -->
      <class name="testcases.INTEGRATIONSTest">
        <test-method is-config="true" signature="setUp()[pri:0, instance:testcases.INTEGRATIONSTest@192d43ce]" started-at="2022-11-07T14:28:03 IST" name="setUp" finished-at="2022-11-07T14:28:12 IST" duration-ms="9280" status="PASS">
          <reporter-output>
          </reporter-output>
        </test-method> <!-- setUp -->
        <test-method is-config="true" signature="beforeMethod(java.lang.reflect.Method)[pri:0, instance:testcases.INTEGRATIONSTest@192d43ce]" started-at="2022-11-07T14:28:12 IST" name="beforeMethod" finished-at="2022-11-07T14:28:12 IST" duration-ms="1" status="PASS">
          <params>
            <param index="0">
              <value>
                <![CDATA[public void testcases.INTEGRATIONSTest.ValidateClickTestingOfINTEGRATIONSPage()]]>
              </value>
            </param>
          </params>
          <reporter-output>
          </reporter-output>
        </test-method> <!-- beforeMethod -->
        <test-method signature="ValidateClickTestingOfINTEGRATIONSPage()[pri:0, instance:testcases.INTEGRATIONSTest@192d43ce]" started-at="2022-11-07T14:28:12 IST" name="ValidateClickTestingOfINTEGRATIONSPage" finished-at="2022-11-07T14:28:57 IST" duration-ms="44322" status="PASS">
          <reporter-output>
          </reporter-output>
        </test-method> <!-- ValidateClickTestingOfINTEGRATIONSPage -->
        <test-method is-config="true" signature="reportWrapUp(org.testng.ITestResult,java.lang.reflect.Method)[pri:0, instance:testcases.INTEGRATIONSTest@192d43ce]" started-at="2022-11-07T14:28:57 IST" name="reportWrapUp" finished-at="2022-11-07T14:28:57 IST" duration-ms="0" status="PASS">
          <params>
            <param index="0">
              <value>
                <![CDATA[[TestResult name=ValidateClickTestingOfINTEGRATIONSPage status=SUCCESS method=INTEGRATIONSTest.ValidateClickTestingOfINTEGRATIONSPage()[pri:0, instance:testcases.INTEGRATIONSTest@192d43ce] output={null}]]]>
              </value>
            </param>
            <param index="1">
              <value>
                <![CDATA[public void testcases.INTEGRATIONSTest.ValidateClickTestingOfINTEGRATIONSPage()]]>
              </value>
            </param>
          </params>
          <reporter-output>
          </reporter-output>
        </test-method> <!-- reportWrapUp -->
        <test-method is-config="true" signature="closeBrowser()[pri:0, instance:testcases.INTEGRATIONSTest@192d43ce]" started-at="2022-11-07T14:28:57 IST" name="closeBrowser" finished-at="2022-11-07T14:28:57 IST" duration-ms="323" status="PASS">
          <reporter-output>
          </reporter-output>
        </test-method> <!-- closeBrowser -->
      </class> <!-- testcases.INTEGRATIONSTest -->
      <class name="testcases.ApprovalTest">
        <test-method is-config="true" signature="setUp()[pri:0, instance:testcases.ApprovalTest@333291e3]" started-at="2022-11-07T14:34:00 IST" name="setUp" finished-at="2022-11-07T14:34:08 IST" duration-ms="8439" status="PASS">
          <reporter-output>
          </reporter-output>
        </test-method> <!-- setUp -->
        <test-method signature="ValidateClickTestingOfApprovalChainPage()[pri:0, instance:testcases.ApprovalTest@333291e3]" started-at="2022-11-07T14:34:08 IST" name="ValidateClickTestingOfApprovalChainPage" finished-at="2022-11-07T14:34:51 IST" duration-ms="42911" status="PASS">
          <reporter-output>
          </reporter-output>
        </test-method> <!-- ValidateClickTestingOfApprovalChainPage -->
        <test-method is-config="true" signature="beforeMethod(java.lang.reflect.Method)[pri:0, instance:testcases.ApprovalTest@333291e3]" started-at="2022-11-07T14:34:08 IST" name="beforeMethod" finished-at="2022-11-07T14:34:08 IST" duration-ms="0" status="PASS">
          <params>
            <param index="0">
              <value>
                <![CDATA[public void testcases.ApprovalTest.ValidateClickTestingOfApprovalChainPage()]]>
              </value>
            </param>
          </params>
          <reporter-output>
          </reporter-output>
        </test-method> <!-- beforeMethod -->
        <test-method is-config="true" signature="reportWrapUp(org.testng.ITestResult,java.lang.reflect.Method)[pri:0, instance:testcases.ApprovalTest@333291e3]" started-at="2022-11-07T14:34:51 IST" name="reportWrapUp" finished-at="2022-11-07T14:34:51 IST" duration-ms="0" status="PASS">
          <params>
            <param index="0">
              <value>
                <![CDATA[[TestResult name=ValidateClickTestingOfApprovalChainPage status=SUCCESS method=ApprovalTest.ValidateClickTestingOfApprovalChainPage()[pri:0, instance:testcases.ApprovalTest@333291e3] output={null}]]]>
              </value>
            </param>
            <param index="1">
              <value>
                <![CDATA[public void testcases.ApprovalTest.ValidateClickTestingOfApprovalChainPage()]]>
              </value>
            </param>
          </params>
          <reporter-output>
          </reporter-output>
        </test-method> <!-- reportWrapUp -->
        <test-method is-config="true" signature="closeBrowser()[pri:0, instance:testcases.ApprovalTest@333291e3]" started-at="2022-11-07T14:34:51 IST" name="closeBrowser" finished-at="2022-11-07T14:34:51 IST" duration-ms="309" status="PASS">
          <reporter-output>
          </reporter-output>
        </test-method> <!-- closeBrowser -->
      </class> <!-- testcases.ApprovalTest -->
      <class name="testcases.PerformanceReviewTest">
        <test-method is-config="true" signature="setUp()[pri:0, instance:testcases.PerformanceReviewTest@40ef3420]" started-at="2022-11-07T14:35:54 IST" name="setUp" finished-at="2022-11-07T14:36:02 IST" duration-ms="8100" status="PASS">
          <reporter-output>
          </reporter-output>
        </test-method> <!-- setUp -->
        <test-method is-config="true" signature="beforeMethod(java.lang.reflect.Method)[pri:0, instance:testcases.PerformanceReviewTest@40ef3420]" started-at="2022-11-07T14:36:02 IST" name="beforeMethod" finished-at="2022-11-07T14:36:02 IST" duration-ms="0" status="PASS">
          <params>
            <param index="0">
              <value>
                <![CDATA[public void testcases.PerformanceReviewTest.ValidateClickTestingOfPerformanceReviewPage()]]>
              </value>
            </param>
          </params>
          <reporter-output>
          </reporter-output>
        </test-method> <!-- beforeMethod -->
        <test-method signature="ValidateClickTestingOfPerformanceReviewPage()[pri:0, instance:testcases.PerformanceReviewTest@40ef3420]" started-at="2022-11-07T14:36:02 IST" name="ValidateClickTestingOfPerformanceReviewPage" finished-at="2022-11-07T14:37:21 IST" duration-ms="78241" status="PASS">
          <reporter-output>
          </reporter-output>
        </test-method> <!-- ValidateClickTestingOfPerformanceReviewPage -->
        <test-method is-config="true" signature="reportWrapUp(org.testng.ITestResult,java.lang.reflect.Method)[pri:0, instance:testcases.PerformanceReviewTest@40ef3420]" started-at="2022-11-07T14:37:21 IST" name="reportWrapUp" finished-at="2022-11-07T14:37:21 IST" duration-ms="1" status="PASS">
          <params>
            <param index="0">
              <value>
                <![CDATA[[TestResult name=ValidateClickTestingOfPerformanceReviewPage status=SUCCESS method=PerformanceReviewTest.ValidateClickTestingOfPerformanceReviewPage()[pri:0, instance:testcases.PerformanceReviewTest@40ef3420] output={null}]]]>
              </value>
            </param>
            <param index="1">
              <value>
                <![CDATA[public void testcases.PerformanceReviewTest.ValidateClickTestingOfPerformanceReviewPage()]]>
              </value>
            </param>
          </params>
          <reporter-output>
          </reporter-output>
        </test-method> <!-- reportWrapUp -->
        <test-method is-config="true" signature="closeBrowser()[pri:0, instance:testcases.PerformanceReviewTest@40ef3420]" started-at="2022-11-07T14:37:21 IST" name="closeBrowser" finished-at="2022-11-07T14:37:21 IST" duration-ms="335" status="PASS">
          <reporter-output>
          </reporter-output>
        </test-method> <!-- closeBrowser -->
      </class> <!-- testcases.PerformanceReviewTest -->
      <class name="testcases.ExpenseTest">
        <test-method is-config="true" signature="setUp()[pri:0, instance:testcases.ExpenseTest@20ce78ec]" started-at="2022-11-07T14:22:55 IST" name="setUp" finished-at="2022-11-07T14:23:04 IST" duration-ms="9471" status="PASS">
          <reporter-output>
          </reporter-output>
        </test-method> <!-- setUp -->
        <test-method is-config="true" signature="beforeMethod(java.lang.reflect.Method)[pri:0, instance:testcases.ExpenseTest@20ce78ec]" started-at="2022-11-07T14:23:04 IST" name="beforeMethod" finished-at="2022-11-07T14:23:04 IST" duration-ms="0" status="PASS">
          <params>
            <param index="0">
              <value>
                <![CDATA[public void testcases.ExpenseTest.ValidateClickTestingOfAddExpensePage()]]>
              </value>
            </param>
          </params>
          <reporter-output>
          </reporter-output>
        </test-method> <!-- beforeMethod -->
        <test-method signature="ValidateClickTestingOfAddExpensePage()[pri:0, instance:testcases.ExpenseTest@20ce78ec]" started-at="2022-11-07T14:23:04 IST" name="ValidateClickTestingOfAddExpensePage" finished-at="2022-11-07T14:24:05 IST" duration-ms="60708" status="PASS">
          <reporter-output>
          </reporter-output>
        </test-method> <!-- ValidateClickTestingOfAddExpensePage -->
        <test-method is-config="true" signature="reportWrapUp(org.testng.ITestResult,java.lang.reflect.Method)[pri:0, instance:testcases.ExpenseTest@20ce78ec]" started-at="2022-11-07T14:24:05 IST" name="reportWrapUp" finished-at="2022-11-07T14:24:05 IST" duration-ms="1" status="PASS">
          <params>
            <param index="0">
              <value>
                <![CDATA[[TestResult name=ValidateClickTestingOfAddExpensePage status=SUCCESS method=ExpenseTest.ValidateClickTestingOfAddExpensePage()[pri:0, instance:testcases.ExpenseTest@20ce78ec] output={null}]]]>
              </value>
            </param>
            <param index="1">
              <value>
                <![CDATA[public void testcases.ExpenseTest.ValidateClickTestingOfAddExpensePage()]]>
              </value>
            </param>
          </params>
          <reporter-output>
          </reporter-output>
        </test-method> <!-- reportWrapUp -->
        <test-method is-config="true" signature="closeBrowser()[pri:0, instance:testcases.ExpenseTest@20ce78ec]" started-at="2022-11-07T14:24:05 IST" name="closeBrowser" finished-at="2022-11-07T14:24:05 IST" duration-ms="367" status="PASS">
          <reporter-output>
          </reporter-output>
        </test-method> <!-- closeBrowser -->
      </class> <!-- testcases.ExpenseTest -->
      <class name="testcases.HumanResourcesTest">
        <test-method is-config="true" signature="setUp()[pri:0, instance:testcases.HumanResourcesTest@2c767a52]" started-at="2022-11-07T14:17:39 IST" name="setUp" finished-at="2022-11-07T14:17:54 IST" duration-ms="15679" status="PASS">
          <reporter-output>
          </reporter-output>
        </test-method> <!-- setUp -->
        <test-method is-config="true" signature="beforeMethod(java.lang.reflect.Method)[pri:0, instance:testcases.HumanResourcesTest@2c767a52]" started-at="2022-11-07T14:17:54 IST" name="beforeMethod" finished-at="2022-11-07T14:17:55 IST" duration-ms="151" status="PASS">
          <params>
            <param index="0">
              <value>
                <![CDATA[public void testcases.HumanResourcesTest.ValidateClickTestingOfAttendancePage()]]>
              </value>
            </param>
          </params>
          <reporter-output>
          </reporter-output>
        </test-method> <!-- beforeMethod -->
        <test-method signature="ValidateClickTestingOfAttendancePage()[pri:0, instance:testcases.HumanResourcesTest@2c767a52]" started-at="2022-11-07T14:17:55 IST" name="ValidateClickTestingOfAttendancePage" finished-at="2022-11-07T14:18:50 IST" duration-ms="55612" status="PASS">
          <reporter-output>
          </reporter-output>
        </test-method> <!-- ValidateClickTestingOfAttendancePage -->
        <test-method is-config="true" signature="reportWrapUp(org.testng.ITestResult,java.lang.reflect.Method)[pri:0, instance:testcases.HumanResourcesTest@2c767a52]" started-at="2022-11-07T14:18:50 IST" name="reportWrapUp" finished-at="2022-11-07T14:18:50 IST" duration-ms="3" status="PASS">
          <params>
            <param index="0">
              <value>
                <![CDATA[[TestResult name=ValidateClickTestingOfAttendancePage status=SUCCESS method=HumanResourcesTest.ValidateClickTestingOfAttendancePage()[pri:0, instance:testcases.HumanResourcesTest@2c767a52] output={null}]]]>
              </value>
            </param>
            <param index="1">
              <value>
                <![CDATA[public void testcases.HumanResourcesTest.ValidateClickTestingOfAttendancePage()]]>
              </value>
            </param>
          </params>
          <reporter-output>
          </reporter-output>
        </test-method> <!-- reportWrapUp -->
        <test-method is-config="true" signature="closeBrowser()[pri:0, instance:testcases.HumanResourcesTest@2c767a52]" started-at="2022-11-07T14:18:50 IST" name="closeBrowser" finished-at="2022-11-07T14:18:51 IST" duration-ms="356" status="PASS">
          <reporter-output>
          </reporter-output>
        </test-method> <!-- closeBrowser -->
        <test-method is-config="true" signature="close()[pri:0, instance:testcases.HumanResourcesTest@2c767a52]" started-at="2022-11-07T14:49:25 IST" name="close" finished-at="2022-11-07T14:49:25 IST" duration-ms="526" status="PASS">
          <reporter-output>
          </reporter-output>
        </test-method> <!-- close -->
      </class> <!-- testcases.HumanResourcesTest -->
      <class name="testcases.AppointmentCalendarTest">
        <test-method is-config="true" signature="setUp()[pri:0, instance:testcases.AppointmentCalendarTest@1ab3a8c8]" started-at="2022-11-07T14:31:41 IST" name="setUp" finished-at="2022-11-07T14:31:49 IST" duration-ms="8771" status="PASS">
          <reporter-output>
          </reporter-output>
        </test-method> <!-- setUp -->
        <test-method is-config="true" signature="beforeMethod(java.lang.reflect.Method)[pri:0, instance:testcases.AppointmentCalendarTest@1ab3a8c8]" started-at="2022-11-07T14:31:49 IST" name="beforeMethod" finished-at="2022-11-07T14:31:49 IST" duration-ms="1" status="PASS">
          <params>
            <param index="0">
              <value>
                <![CDATA[public void testcases.AppointmentCalendarTest.ValidateClickTestingOfManageExternalLinkPage()]]>
              </value>
            </param>
          </params>
          <reporter-output>
          </reporter-output>
        </test-method> <!-- beforeMethod -->
        <test-method signature="ValidateClickTestingOfManageExternalLinkPage()[pri:0, instance:testcases.AppointmentCalendarTest@1ab3a8c8]" started-at="2022-11-07T14:31:49 IST" name="ValidateClickTestingOfManageExternalLinkPage" finished-at="2022-11-07T14:32:39 IST" duration-ms="50040" status="PASS">
          <reporter-output>
          </reporter-output>
        </test-method> <!-- ValidateClickTestingOfManageExternalLinkPage -->
        <test-method is-config="true" signature="reportWrapUp(org.testng.ITestResult,java.lang.reflect.Method)[pri:0, instance:testcases.AppointmentCalendarTest@1ab3a8c8]" started-at="2022-11-07T14:32:40 IST" name="reportWrapUp" finished-at="2022-11-07T14:32:40 IST" duration-ms="2" status="PASS">
          <params>
            <param index="0">
              <value>
                <![CDATA[[TestResult name=ValidateClickTestingOfManageExternalLinkPage status=SUCCESS method=AppointmentCalendarTest.ValidateClickTestingOfManageExternalLinkPage()[pri:0, instance:testcases.AppointmentCalendarTest@1ab3a8c8] output={null}]]]>
              </value>
            </param>
            <param index="1">
              <value>
                <![CDATA[public void testcases.AppointmentCalendarTest.ValidateClickTestingOfManageExternalLinkPage()]]>
              </value>
            </param>
          </params>
          <reporter-output>
          </reporter-output>
        </test-method> <!-- reportWrapUp -->
        <test-method is-config="true" signature="closeBrowser()[pri:0, instance:testcases.AppointmentCalendarTest@1ab3a8c8]" started-at="2022-11-07T14:32:40 IST" name="closeBrowser" finished-at="2022-11-07T14:32:40 IST" duration-ms="372" status="PASS">
          <reporter-output>
          </reporter-output>
        </test-method> <!-- closeBrowser -->
      </class> <!-- testcases.AppointmentCalendarTest -->
      <class name="testcases.AssetManagementTest">
        <test-method is-config="true" signature="setUp()[pri:0, instance:testcases.AssetManagementTest@1dde4cb2]" started-at="2022-11-07T14:19:49 IST" name="setUp" finished-at="2022-11-07T14:19:57 IST" duration-ms="8241" status="PASS">
          <reporter-output>
          </reporter-output>
        </test-method> <!-- setUp -->
        <test-method is-config="true" signature="beforeMethod(java.lang.reflect.Method)[pri:0, instance:testcases.AssetManagementTest@1dde4cb2]" started-at="2022-11-07T14:19:57 IST" name="beforeMethod" finished-at="2022-11-07T14:19:57 IST" duration-ms="0" status="PASS">
          <params>
            <param index="0">
              <value>
                <![CDATA[public void testcases.AssetManagementTest.ValidateClickTestingOfGroupListPage()]]>
              </value>
            </param>
          </params>
          <reporter-output>
          </reporter-output>
        </test-method> <!-- beforeMethod -->
        <test-method signature="ValidateClickTestingOfGroupListPage()[pri:0, instance:testcases.AssetManagementTest@1dde4cb2]" started-at="2022-11-07T14:19:57 IST" name="ValidateClickTestingOfGroupListPage" finished-at="2022-11-07T14:21:40 IST" duration-ms="103090" status="PASS">
          <reporter-output>
          </reporter-output>
        </test-method> <!-- ValidateClickTestingOfGroupListPage -->
        <test-method is-config="true" signature="reportWrapUp(org.testng.ITestResult,java.lang.reflect.Method)[pri:0, instance:testcases.AssetManagementTest@1dde4cb2]" started-at="2022-11-07T14:21:40 IST" name="reportWrapUp" finished-at="2022-11-07T14:21:40 IST" duration-ms="1" status="PASS">
          <params>
            <param index="0">
              <value>
                <![CDATA[[TestResult name=ValidateClickTestingOfGroupListPage status=SUCCESS method=AssetManagementTest.ValidateClickTestingOfGroupListPage()[pri:0, instance:testcases.AssetManagementTest@1dde4cb2] output={null}]]]>
              </value>
            </param>
            <param index="1">
              <value>
                <![CDATA[public void testcases.AssetManagementTest.ValidateClickTestingOfGroupListPage()]]>
              </value>
            </param>
          </params>
          <reporter-output>
          </reporter-output>
        </test-method> <!-- reportWrapUp -->
        <test-method is-config="true" signature="closeBrowser()[pri:0, instance:testcases.AssetManagementTest@1dde4cb2]" started-at="2022-11-07T14:21:40 IST" name="closeBrowser" finished-at="2022-11-07T14:21:40 IST" duration-ms="363" status="PASS">
          <reporter-output>
          </reporter-output>
        </test-method> <!-- closeBrowser -->
      </class> <!-- testcases.AssetManagementTest -->
      <class name="testcases.CRMTest">
        <test-method is-config="true" signature="setUp()[pri:0, instance:testcases.CRMTest@43195e57]" started-at="2022-11-07T14:32:40 IST" name="setUp" finished-at="2022-11-07T14:32:49 IST" duration-ms="9153" status="PASS">
          <reporter-output>
          </reporter-output>
        </test-method> <!-- setUp -->
        <test-method is-config="true" signature="beforeMethod(java.lang.reflect.Method)[pri:0, instance:testcases.CRMTest@43195e57]" started-at="2022-11-07T14:32:49 IST" name="beforeMethod" finished-at="2022-11-07T14:32:49 IST" duration-ms="1" status="PASS">
          <params>
            <param index="0">
              <value>
                <![CDATA[public void testcases.CRMTest.ValidateClickTestingOfAccountsPage()]]>
              </value>
            </param>
          </params>
          <reporter-output>
          </reporter-output>
        </test-method> <!-- beforeMethod -->
        <test-method signature="ValidateClickTestingOfAccountsPage()[pri:0, instance:testcases.CRMTest@43195e57]" started-at="2022-11-07T14:32:49 IST" name="ValidateClickTestingOfAccountsPage" finished-at="2022-11-07T14:33:59 IST" duration-ms="70206" status="PASS">
          <reporter-output>
          </reporter-output>
        </test-method> <!-- ValidateClickTestingOfAccountsPage -->
        <test-method is-config="true" signature="reportWrapUp(org.testng.ITestResult,java.lang.reflect.Method)[pri:0, instance:testcases.CRMTest@43195e57]" started-at="2022-11-07T14:33:59 IST" name="reportWrapUp" finished-at="2022-11-07T14:33:59 IST" duration-ms="0" status="PASS">
          <params>
            <param index="0">
              <value>
                <![CDATA[[TestResult name=ValidateClickTestingOfAccountsPage status=SUCCESS method=CRMTest.ValidateClickTestingOfAccountsPage()[pri:0, instance:testcases.CRMTest@43195e57] output={null}]]]>
              </value>
            </param>
            <param index="1">
              <value>
                <![CDATA[public void testcases.CRMTest.ValidateClickTestingOfAccountsPage()]]>
              </value>
            </param>
          </params>
          <reporter-output>
          </reporter-output>
        </test-method> <!-- reportWrapUp -->
        <test-method is-config="true" signature="closeBrowser()[pri:0, instance:testcases.CRMTest@43195e57]" started-at="2022-11-07T14:33:59 IST" name="closeBrowser" finished-at="2022-11-07T14:34:00 IST" duration-ms="396" status="PASS">
          <reporter-output>
          </reporter-output>
        </test-method> <!-- closeBrowser -->
      </class> <!-- testcases.CRMTest -->
      <class name="testcases.HRManagementTest">
        <test-method is-config="true" signature="setUp()[pri:0, instance:testcases.HRManagementTest@498d318c]" started-at="2022-11-07T14:37:21 IST" name="setUp" finished-at="2022-11-07T14:37:29 IST" duration-ms="8009" status="PASS">
          <reporter-output>
          </reporter-output>
        </test-method> <!-- setUp -->
        <test-method is-config="true" signature="beforeMethod(java.lang.reflect.Method)[pri:0, instance:testcases.HRManagementTest@498d318c]" started-at="2022-11-07T14:37:29 IST" name="beforeMethod" finished-at="2022-11-07T14:37:29 IST" duration-ms="1" status="PASS">
          <params>
            <param index="0">
              <value>
                <![CDATA[public void testcases.HRManagementTest.ValidateClickTestingOfAttendancePage()]]>
              </value>
            </param>
          </params>
          <reporter-output>
          </reporter-output>
        </test-method> <!-- beforeMethod -->
        <test-method signature="ValidateClickTestingOfAttendancePage()[pri:0, instance:testcases.HRManagementTest@498d318c]" started-at="2022-11-07T14:37:29 IST" name="ValidateClickTestingOfAttendancePage" finished-at="2022-11-07T14:38:44 IST" duration-ms="74823" status="PASS">
          <reporter-output>
          </reporter-output>
        </test-method> <!-- ValidateClickTestingOfAttendancePage -->
        <test-method is-config="true" signature="reportWrapUp(org.testng.ITestResult,java.lang.reflect.Method)[pri:0, instance:testcases.HRManagementTest@498d318c]" started-at="2022-11-07T14:38:44 IST" name="reportWrapUp" finished-at="2022-11-07T14:38:44 IST" duration-ms="0" status="PASS">
          <params>
            <param index="0">
              <value>
                <![CDATA[[TestResult name=ValidateClickTestingOfAttendancePage status=SUCCESS method=HRManagementTest.ValidateClickTestingOfAttendancePage()[pri:0, instance:testcases.HRManagementTest@498d318c] output={null}]]]>
              </value>
            </param>
            <param index="1">
              <value>
                <![CDATA[public void testcases.HRManagementTest.ValidateClickTestingOfAttendancePage()]]>
              </value>
            </param>
          </params>
          <reporter-output>
          </reporter-output>
        </test-method> <!-- reportWrapUp -->
        <test-method is-config="true" signature="closeBrowser()[pri:0, instance:testcases.HRManagementTest@498d318c]" started-at="2022-11-07T14:38:44 IST" name="closeBrowser" finished-at="2022-11-07T14:38:44 IST" duration-ms="354" status="PASS">
          <reporter-output>
          </reporter-output>
        </test-method> <!-- closeBrowser -->
      </class> <!-- testcases.HRManagementTest -->
    </test> <!-- Test -->
  </suite> <!-- Suite -->
</testng-results>
