<?xml version="1.0" encoding="UTF-8"?>
<testng-results ignored="0" total="1" passed="1" failed="0" skipped="0">
  <reporter-output>
  </reporter-output>
  <suite started-at="2022-12-09T17:07:02 IST" name="Default suite" finished-at="2022-12-09T17:08:08 IST" duration-ms="66615">
    <groups>
    </groups>
    <test started-at="2022-12-09T17:07:02 IST" name="Default test" finished-at="2022-12-09T17:08:08 IST" duration-ms="66615">
      <class name="testcases.HumanResourcesTest">
        <test-method is-config="true" signature="setUp()[pri:0, instance:testcases.HumanResourcesTest@63355449]" started-at="2022-12-09T17:07:02 IST" name="setUp" finished-at="2022-12-09T17:07:11 IST" duration-ms="9481" status="PASS">
          <reporter-output>
          </reporter-output>
        </test-method> <!-- setUp -->
        <test-method is-config="true" signature="beforeMethod(java.lang.reflect.Method)[pri:0, instance:testcases.HumanResourcesTest@63355449]" started-at="2022-12-09T17:07:11 IST" name="beforeMethod" finished-at="2022-12-09T17:07:11 IST" duration-ms="126" status="PASS">
          <params>
            <param index="0">
              <value>
                <![CDATA[public void testcases.HumanResourcesTest.ValidateClickTestingOfAttendancePage()]]>
              </value>
            </param>
          </params>
          <reporter-output>
          </reporter-output>
        </test-method> <!-- beforeMethod -->
        <test-method signature="ValidateClickTestingOfAttendancePage()[pri:0, instance:testcases.HumanResourcesTest@63355449]" started-at="2022-12-09T17:07:11 IST" name="ValidateClickTestingOfAttendancePage" finished-at="2022-12-09T17:08:08 IST" duration-ms="56350" status="PASS">
          <reporter-output>
          </reporter-output>
        </test-method> <!-- ValidateClickTestingOfAttendancePage -->
        <test-method is-config="true" signature="reportWrapUp(org.testng.ITestResult,java.lang.reflect.Method)[pri:0, instance:testcases.HumanResourcesTest@63355449]" started-at="2022-12-09T17:08:08 IST" name="reportWrapUp" finished-at="2022-12-09T17:08:08 IST" duration-ms="4" status="PASS">
          <params>
            <param index="0">
              <value>
                <![CDATA[[TestResult name=ValidateClickTestingOfAttendancePage status=SUCCESS method=HumanResourcesTest.ValidateClickTestingOfAttendancePage()[pri:0, instance:testcases.HumanResourcesTest@63355449] output={null}]]]>
              </value>
            </param>
            <param index="1">
              <value>
                <![CDATA[public void testcases.HumanResourcesTest.ValidateClickTestingOfAttendancePage()]]>
              </value>
            </param>
          </params>
          <reporter-output>
          </reporter-output>
        </test-method> <!-- reportWrapUp -->
        <test-method is-config="true" signature="closeBrowser()[pri:0, instance:testcases.HumanResourcesTest@63355449]" started-at="2022-12-09T17:08:08 IST" name="closeBrowser" finished-at="2022-12-09T17:08:08 IST" duration-ms="588" status="PASS">
          <reporter-output>
          </reporter-output>
        </test-method> <!-- closeBrowser -->
        <test-method is-config="true" signature="close()[pri:0, instance:testcases.HumanResourcesTest@63355449]" started-at="2022-12-09T17:08:08 IST" name="close" finished-at="2022-12-09T17:08:09 IST" duration-ms="345" status="PASS">
          <reporter-output>
          </reporter-output>
        </test-method> <!-- close -->
      </class> <!-- testcases.HumanResourcesTest -->
    </test> <!-- Default test -->
  </suite> <!-- Default suite -->
</testng-results>
